<?xml version="1.0" encoding="UTF-8"?>
<!-- Generated by org.testng.reporters.JUnitReportReporter -->
<testsuite skipped="0" hostname="TESTING-PRAVEEN" name="pDFEmail.TestGuru99PDEmail" tests="3" failures="0" timestamp="07 Mar 2019 11:51:50 GMT" time="18.535" errors="0">
  <testcase name="testPDFReporTwo" time="14.845" classname="pDFEmail.TestGuru99PDEmail"/>
  <testcase name="testPDFReportOne" time="1.044" classname="pDFEmail.TestGuru99PDEmail"/>
  <testcase name="testPDFReportThree" time="2.646" classname="pDFEmail.TestGuru99PDEmail"/>
</testsuite> <!-- pDFEmail.TestGuru99PDEmail -->
