<?xml version="1.0" encoding="UTF-8"?>
<!-- Generated by org.testng.reporters.JUnitReportReporter -->
<testsuite skipped="0" hostname="TESTING-PRAVEEN" name="scripts_Selenium.Image_Click" tests="1" failures="0" timestamp="06 Mar 2019 08:47:27 GMT" time="5.769" errors="0">
  <testcase name="image_Source" time="5.769" classname="scripts_Selenium.Image_Click"/>
</testsuite> <!-- scripts_Selenium.Image_Click -->
