<?xml version="1.0" encoding="UTF-8"?>
<!-- Generated by org.testng.reporters.JUnitReportReporter -->
<testsuite skipped="0" hostname="TESTING-PRAVEEN" name="Guru99TakeScreenshot.Guru99TakeScreenshot" tests="1" failures="0" timestamp="07 Mar 2019 11:41:11 GMT" time="6.708" errors="0">
  <testcase name="testGuru99TakeScreenShot" time="6.708" classname="Guru99TakeScreenshot.Guru99TakeScreenshot"/>
</testsuite> <!-- Guru99TakeScreenshot.Guru99TakeScreenshot -->
