<?xml version="1.0" encoding="UTF-8"?>
<!-- Generated by org.testng.reporters.JUnitReportReporter -->
<testsuite skipped="0" hostname="TESTING-PRAVEEN" name="scripts_Selenium.MouseOver" tests="1" failures="0" timestamp="12 Mar 2019 11:59:57 GMT" time="9.999" errors="0">
  <testcase name="Mouse_Over_Oper" time="9.999" classname="scripts_Selenium.MouseOver"/>
</testsuite> <!-- scripts_Selenium.MouseOver -->
