<?xml version="1.0" encoding="UTF-8"?>
<!-- Generated by org.testng.reporters.JUnitReportReporter -->
<testsuite skipped="0" hostname="TESTING-PRAVEEN" name="scripts_Selenium.WebTable" tests="1" failures="0" timestamp="06 Mar 2019 10:35:52 GMT" time="7.562" errors="0">
  <testcase name="Nomral_WebTable" time="7.562" classname="scripts_Selenium.WebTable"/>
</testsuite> <!-- scripts_Selenium.WebTable -->
