<?xml version="1.0" encoding="UTF-8"?>
<!-- Generated by org.testng.reporters.JUnitReportReporter -->
<testsuite skipped="0" hostname="TESTING-PRAVEEN" name="scripts_Selenium.WindowHandle_Demo" tests="1" failures="0" timestamp="06 Mar 2019 09:50:39 GMT" time="9.946" errors="0">
  <testcase name="WindowHandling" time="9.946" classname="scripts_Selenium.WindowHandle_Demo"/>
</testsuite> <!-- scripts_Selenium.WindowHandle_Demo -->
