<?xml version="1.0" encoding="UTF-8"?>
<!-- Generated by org.testng.reporters.JUnitReportReporter -->
<testsuite skipped="0" hostname="TESTING-PRAVEEN" name="scripts_Selenium.Drop_Dwon" tests="1" failures="0" timestamp="06 Mar 2019 06:53:07 GMT" time="7.038" errors="0">
  <testcase name="image_Source" time="7.038" classname="scripts_Selenium.Drop_Dwon"/>
</testsuite> <!-- scripts_Selenium.Drop_Dwon -->
